<?xml version="1.0" encoding="UTF-8"?>
<!-- Generated by org.testng.reporters.JUnitReportReporter -->
<testsuite skipped="0" hostname="DESKTOP-PUDM36T" name="test.Categories" tests="1" failures="0" timestamp="2021-05-06T11:28:08 PDT" time="36.654" errors="0">
  <testcase name="categories_test" time="36.654" classname="test.Categories"/>
  <system-out/>
</testsuite> <!-- test.Categories -->
