<?xml version="1.0" encoding="UTF-8"?>
<!-- Generated by org.testng.reporters.JUnitReportReporter -->
<testsuite skipped="0" hostname="DESKTOP-PUDM36T" name="test.Techfios_test" tests="1" failures="0" timestamp="2021-05-03T22:16:00 PDT" time="2.381" errors="0">
  <testcase name="categories_test" time="2.381" classname="test.Techfios_test"/>
  <system-out/>
</testsuite> <!-- test.Techfios_test -->
